Removed Pin From Net: NetName=BLUE_RX Pin=M3-2
Removed Pin From Net: NetName=BLUE_TX Pin=M3-3
Removed Pin From Net: NetName=GND Pin=M3-4
Removed Pin From Net: NetName=+5 Pin=M3-5
Change Component Footprint: Designator=M3 Old Footprint=HDR1X6 New Footprint=HDR1X4
Change Component Comment : Designator=M3 Old Comment=Headers (1x6) New Comment=Headers (1x4)_BLUE
Change component parameters: Designator = "M3"; Footprint = "HDR1X4"; UniqueID = "\VJLAIUNQ"
Change component parameters. Clean all parameters for all variants
Change component parameters (AddParameter): Name = "LatestRevisionDate"; Value = "17-Jul-2002"; VariantName = "[No Variations]"
Change component parameters (AddParameter): Name = "LatestRevisionNote"; Value = "Re-released for DXP Platform."; VariantName = "[No Variations]"
Change component parameters (AddParameter): Name = "Publisher"; Value = "Altium Limited"; VariantName = "[No Variations]"
Added Pin To Net: NetName=BLUE_RX Pin=M3-1
Added Pin To Net: NetName=BLUE_TX Pin=M3-2
Added Pin To Net: NetName=GND Pin=M3-3
Added Pin To Net: NetName=+5 Pin=M3-4
Added Room: Name=C_M
Added Room: Name=Fonte
Added Room: Name=Gyro
Added Room: Name=Head_Sensors
Added Room: Name=Leds
Added Room: Name=Micro
Added Room: Name=Motor
Added Room: Name=Side
