Removed Pin From Net: NetName=NetM4_3 Pin=U15-14
Removed Pin From Net: NetName=NetM4_4 Pin=U15-15
Removed Pin From Net: NetName=NetM4_5 Pin=U16-1
Removed Pin From Net: NetName=NetM4_5 Pin=U16-2
Removed Pin From Net: NetName=NetM4_6 Pin=U16-5
Removed Pin From Net: NetName=NetM4_6 Pin=U16-6
Added Pin To Net: NetName=NetM4_5 Pin=U15-14
Added Pin To Net: NetName=NetM4_6 Pin=U15-15
Added Pin To Net: NetName=NetM4_3 Pin=U16-1
Added Pin To Net: NetName=NetM4_3 Pin=U16-2
Added Pin To Net: NetName=NetM4_4 Pin=U16-5
Added Pin To Net: NetName=NetM4_4 Pin=U16-6
Added Room: Name=C_M
Added Room: Name=Fonte
Added Room: Name=Gyro
Added Room: Name=Head_Sensors
Added Room: Name=Leds
Added Room: Name=Micro
Added Room: Name=Motor
Added Room: Name=Side
