Added Component: Designator=D?(Standard LEDs - SMD)
Add component. Clean all parameters for all variants
Add component (AddParameter): Name = "Case/Package"; Value = "0603"; VariantName = "[No Variations]"
Add component (AddParameter): Name = "Case Code (Imperial)"; Value = "0603"; VariantName = "[No Variations]"
Add component (AddParameter): Name = "Case Code (Metric)"; Value = "1608"; VariantName = "[No Variations]"
Add component (AddParameter): Name = "Category"; Value = "Standard LEDs - SMD"; VariantName = "[No Variations]"
Add component (AddParameter): Name = "Color"; Value = "Red"; VariantName = "[No Variations]"
Add component (AddParameter): Name = "ComponentLink1Description"; Value = "https://katalog.we-online.de/led/datasheet/150060RS75000.pdf?src-supplier=Digi-Key"; VariantName = "[No Variations]"
Add component (AddParameter): Name = "ComponentLink1URL"; Value = "https://katalog.we-online.de/led/datasheet/150060RS75000.pdf?src-supplier=Digi-Key"; VariantName = "[No Variations]"
Add component (AddParameter): Name = "ComponentLink2Description"; Value = "http://www.produktinfo.conrad.com/datenblaetter/750000-774999/759428-da-01-en-CHIPLED_0603_W_KL_ROT_150060RS75000.pdf?src-supplier=Conrad"; VariantName = "[No Variations]"
Add component (AddParameter): Name = "ComponentLink2URL"; Value = "http://www.produktinfo.conrad.com/datenblaetter/750000-774999/759428-da-01-en-CHIPLED_0603_W_KL_ROT_150060RS75000.pdf?src-supplier=Conrad"; VariantName = "[No Variations]"
Add component (AddParameter): Name = "Dominant Wavelength"; Value = "625nm"; VariantName = "[No Variations]"
Add component (AddParameter): Name = "Forward Current"; Value = "30mA"; VariantName = "[No Variations]"
Add component (AddParameter): Name = "Forward Voltage"; Value = "2V"; VariantName = "[No Variations]"
Add component (AddParameter): Name = "Height"; Value = "0.7mm"; VariantName = "[No Variations]"
Add component (AddParameter): Name = "Length"; Value = "1.6mm"; VariantName = "[No Variations]"
Add component (AddParameter): Name = "Lens Style"; Value = "Clear,Rectangular"; VariantName = "[No Variations]"
Add component (AddParameter): Name = "Luminous Intensity"; Value = "250mcd"; VariantName = "[No Variations]"
Add component (AddParameter): Name = "Manufacturer"; Value = "Wurth Electronics"; VariantName = "[No Variations]"
Add component (AddParameter): Name = "Manufacturer Part Number"; Value = "150060RS75000"; VariantName = "[No Variations]"
Add component (AddParameter): Name = "Max Operating Temperature"; Value = "85°C"; VariantName = "[No Variations]"
Add component (AddParameter): Name = "Min Operating Temperature"; Value = "-40°C"; VariantName = "[No Variations]"
Add component (AddParameter): Name = "Mount"; Value = "Surface Mount"; VariantName = "[No Variations]"
Add component (AddParameter): Name = "Package Quantity"; Value = "1"; VariantName = "[No Variations]"
Add component (AddParameter): Name = "Packaging"; Value = "Cut Tape"; VariantName = "[No Variations]"
Add component (AddParameter): Name = "Pricing 1"; Value = "1=0.14, 10=0.138, 50=0.129, 100=0.11, 1000=0.095, 10000=0.095 (USD)"; VariantName = "[No Variations]"
Add component (AddParameter): Name = "REACH SVHC"; Value = "Unknown"; VariantName = "[No Variations]"
Add component (AddParameter): Name = "Stock 1"; Value = "77279"; VariantName = "[No Variations]"
Add component (AddParameter): Name = "Supplier 1"; Value = "Mouser"; VariantName = "[No Variations]"
Add component (AddParameter): Name = "Supplier Part Number 1"; Value = "710-150060RS75000"; VariantName = "[No Variations]"
Add component (AddParameter): Name = "Test Current"; Value = "20mA"; VariantName = "[No Variations]"
Add component (AddParameter): Name = "Viewing Angle"; Value = "140°"; VariantName = "[No Variations]"
Add component (AddParameter): Name = "Wavelength"; Value = "625nm"; VariantName = "[No Variations]"
Add component (AddParameter): Name = "Width"; Value = "0.8mm"; VariantName = "[No Variations]"
Added Component: Designator=R?(0603)
Add component. Clean all parameters for all variants
Add component (AddParameter): Name = "Case/Package"; Value = "0603"; VariantName = "[No Variations]"
Add component (AddParameter): Name = "Category"; Value = "Thick Film Resistors - SMD"; VariantName = "[No Variations]"
Add component (AddParameter): Name = "Height"; Value = "450um"; VariantName = "[No Variations]"
Add component (AddParameter): Name = "Lead Free"; Value = "Lead Free"; VariantName = "[No Variations]"
Add component (AddParameter): Name = "Length"; Value = "1.55mm"; VariantName = "[No Variations]"
Add component (AddParameter): Name = "Manufacturer"; Value = "Vishay Intertechnology"; VariantName = "[No Variations]"
Add component (AddParameter): Name = "Manufacturer Part Number"; Value = "CRCW0603100RFKEA"; VariantName = "[No Variations]"
Add component (AddParameter): Name = "Number of Pins"; Value = "2"; VariantName = "[No Variations]"
Add component (AddParameter): Name = "Packaging"; Value = "Cut Tape"; VariantName = "[No Variations]"
Add component (AddParameter): Name = "Power Rating"; Value = "100mW"; VariantName = "[No Variations]"
Add component (AddParameter): Name = "Pricing 1"; Value = "1=0.1, 10=0.037, 50=0.037, 100=0.026, 1000=0.006, 10000=0.005 (USD)"; VariantName = "[No Variations]"
Add component (AddParameter): Name = "REACH SVHC"; Value = "No SVHC"; VariantName = "[No Variations]"
Add component (AddParameter): Name = "Resistance"; Value = "100R"; VariantName = "[No Variations]"
Add component (AddParameter): Name = "Stock 1"; Value = "221485"; VariantName = "[No Variations]"
Add component (AddParameter): Name = "Supplier 1"; Value = "Mouser"; VariantName = "[No Variations]"
Add component (AddParameter): Name = "Supplier Part Number 1"; Value = "71-CRCW0603-100-E3"; VariantName = "[No Variations]"
Add component (AddParameter): Name = "Temperature Coefficient"; Value = "100ppm/°C"; VariantName = "[No Variations]"
Add component (AddParameter): Name = "Tolerance"; Value = "1%"; VariantName = "[No Variations]"
Add component (AddParameter): Name = "Voltage Rating (DC)"; Value = "75V"; VariantName = "[No Variations]"
Add component (AddParameter): Name = "Width"; Value = "850um"; VariantName = "[No Variations]"
Added Pin To Net: NetName=GND Pin=D?-1
Added Pin To Net: NetName=+5 Pin=R?-2
Change Net Name : Old Net Name=NetC3_2 New Net Name=VBAT
Change Net Name : Old Net Name=NetC28_2 New Net Name=RESET
Change Net Name : Old Net Name=NetD1_2 New Net Name=VBAT6
Change Net Name : Old Net Name=NetD6_1 New Net Name=LED_TEST_1
Change Net Name : Old Net Name=NetD7_1 New Net Name=LED_TEST_2
Change Net Name : Old Net Name=NetD8_1 New Net Name=LED_TEST_3
Change Net Name : Old Net Name=NetD9_1 New Net Name=LED_TEST_4
Change Net Name : Old Net Name=NetGRAVACAO1_1 New Net Name=GRAVACAO_DIO
Change Net Name : Old Net Name=NetGRAVACAO1_2 New Net Name=GRAVACAO_CLK
Change Net Name : Old Net Name=NetJ1_2 New Net Name=START
Change Net Name : Old Net Name=NetJ2_2 New Net Name=SCAN
Change Net Name : Old Net Name=NetM3_2 New Net Name=BLUE_RX
Change Net Name : Old Net Name=NetM3_3 New Net Name=BLUE_TX
Change Net Name : Old Net Name=NetM4_3 New Net Name=M2-
Change Net Name : Old Net Name=NetM4_4 New Net Name=M2+
Change Net Name : Old Net Name=NetM4_5 New Net Name=ENCODER_D_1
Change Net Name : Old Net Name=NetM4_6 New Net Name=ENCODER_D_2
Change Net Name : Old Net Name=NetM5_3 New Net Name=ENCODER_E_2
Change Net Name : Old Net Name=NetM5_4 New Net Name=ENCODER_E_1
Change Net Name : Old Net Name=NetM5_5 New Net Name=M1+
Change Net Name : Old Net Name=NetM5_6 New Net Name=M1-
Change Net Name : Old Net Name=NetR11_1 New Net Name=MEMO_I/O
Change Net Name : Old Net Name=NetR12_1 New Net Name=RESET_USB
Change Net Name : Old Net Name=NetR14_1 New Net Name=MEMO_MOSI
Change Net Name : Old Net Name=NetR15_1 New Net Name=MEMO_MISO
Change Net Name : Old Net Name=NetR16_2 New Net Name=BUZZER
Change Net Name : Old Net Name=NetR29_2 New Net Name=SENSOR_0
Change Net Name : Old Net Name=NetR30_2 New Net Name=SENSOR_1
Change Net Name : Old Net Name=NetR31_2 New Net Name=SENSOR_2
Change Net Name : Old Net Name=NetR32_2 New Net Name=SENSOR_4
Change Net Name : Old Net Name=NetR33_2 New Net Name=SENSOR_3
Change Net Name : Old Net Name=NetR34_2 New Net Name=SENSOR_5
Change Net Name : Old Net Name=NetR35_2 New Net Name=SENSOR_6
Change Net Name : Old Net Name=NetR36_2 New Net Name=SENSOR_DIR
Change Net Name : Old Net Name=NetR37_2 New Net Name=SENSOR_ESQ
Change Net Name : Old Net Name=NetU11_1 New Net Name=USB_TX
Change Net Name : Old Net Name=NetU11_5 New Net Name=USB_RX
Change Net Name : Old Net Name=NetU11_15 New Net Name=USBDP_USB
Change Net Name : Old Net Name=NetU11_16 New Net Name=USBDM_USB
Change Net Name : Old Net Name=NetU12_6 New Net Name=MEMO_SCK
Change Net Name : Old Net Name=NetU14_2 New Net Name=GYRO_SCK
Change Net Name : Old Net Name=NetU14_3 New Net Name=GYRO_MISO
Change Net Name : Old Net Name=NetU14_4 New Net Name=GYRO_MOSI
Change Net Name : Old Net Name=NetU14_5 New Net Name=GYRO_I/O
Change Net Name : Old Net Name=NetU15_8 New Net Name=TB66_ADC_2
Change Net Name : Old Net Name=NetU15_9 New Net Name=TB66_ADC_1
Change Net Name : Old Net Name=NetU15_10 New Net Name=TB66_ADC_3
Change Net Name : Old Net Name=NetU15_11 New Net Name=TB66_ADC_4
Change Net Name : Old Net Name=NetU15_61 New Net Name=TB66_PWM_2
Change Net Name : Old Net Name=NetU15_62 New Net Name=TB66_PWM_1
Added Pin To Net: NetName=NetD?_2 Pin=D?-2
Added Pin To Net: NetName=NetD?_2 Pin=R?-1
Added Net: Name=NetD?_2
Added Member To Class: ClassName=Fonte Member=Component D? Standard LEDs - SMD
Added Member To Class: ClassName=Fonte Member=Component R? 100R
Added Room: Name=C_M
Added Room: Name=Fonte
Added Room: Name=Gyro
Added Room: Name=Head_Sensors
Added Room: Name=Leds
Added Room: Name=Micro
Added Room: Name=Motor
Added Room: Name=Side
