Removed Pin From Net: NetName=NetM5_4 Pin=U15-41
Removed Pin From Net: NetName=NetM5_3 Pin=U15-42
Removed Pin From Net: NetName=NetM5_6 Pin=U16-7
Removed Pin From Net: NetName=NetM5_6 Pin=U16-8
Removed Pin From Net: NetName=NetM5_5 Pin=U16-11
Removed Pin From Net: NetName=NetM5_5 Pin=U16-12
Added Pin To Net: NetName=NetM5_3 Pin=U15-41
Added Pin To Net: NetName=NetM5_4 Pin=U15-42
Added Pin To Net: NetName=NetM5_5 Pin=U16-7
Added Pin To Net: NetName=NetM5_5 Pin=U16-8
Added Pin To Net: NetName=NetM5_6 Pin=U16-11
Added Pin To Net: NetName=NetM5_6 Pin=U16-12
Added Room: Name=C_M
Added Room: Name=Fonte
Added Room: Name=Gyro
Added Room: Name=Head_Sensors
Added Room: Name=Leds
Added Room: Name=Micro
Added Room: Name=Motor
Added Room: Name=Side
