Added Component: Designator=J1(Push_Boton)
Add component. Clean all parameters for all variants
Add component (AddParameter): Name = "Category"; Value = "Tactile Switches"; VariantName = "[No Variations]"
Add component (AddParameter): Name = "ComponentLink1Description"; Value = "https://industrial.panasonic.com/ac/cdn/e/control/switch/light-touch/catalog/sw_lt_eng_6s_mid.pdf?src-supplier=Digi-Key"; VariantName = "[No Variations]"
Add component (AddParameter): Name = "ComponentLink1URL"; Value = "https://industrial.panasonic.com/ac/cdn/e/control/switch/light-touch/catalog/sw_lt_eng_6s_mid.pdf?src-supplier=Digi-Key"; VariantName = "[No Variations]"
Add component (AddParameter): Name = "Illumination Type"; Value = "Non-Illuminated"; VariantName = "[No Variations]"
Add component (AddParameter): Name = "Manufacturer"; Value = "Panasonic"; VariantName = "[No Variations]"
Add component (AddParameter): Name = "Manufacturer Part Number"; Value = "EVP-BFAC1A000"; VariantName = "[No Variations]"
Add component (AddParameter): Name = "Max Operating Temperature"; Value = "85°C"; VariantName = "[No Variations]"
Add component (AddParameter): Name = "Mechanical Life"; Value = "1000000Cycles"; VariantName = "[No Variations]"
Add component (AddParameter): Name = "Min Operating Temperature"; Value = "-40°C"; VariantName = "[No Variations]"
Add component (AddParameter): Name = "Mount"; Value = "Surface Mount"; VariantName = "[No Variations]"
Add component (AddParameter): Name = "Operating Force"; Value = "200gf"; VariantName = "[No Variations]"
Add component (AddParameter): Name = "Packaging"; Value = "Tape and Reel"; VariantName = "[No Variations]"
Add component (AddParameter): Name = "Pricing 1"; Value = "1=0.3, 10=0.265, 100=0.203, 1000=0.173, 2000=0.134, 9000=0.134 (USD)"; VariantName = "[No Variations]"
Add component (AddParameter): Name = "Stock 1"; Value = "3866"; VariantName = "[No Variations]"
Add component (AddParameter): Name = "Supplier 1"; Value = "Mouser"; VariantName = "[No Variations]"
Add component (AddParameter): Name = "Supplier Part Number 1"; Value = "667-EVP-BFAC1A000"; VariantName = "[No Variations]"
Add component (AddParameter): Name = "Switch Function"; Value = "Off-Mom"; VariantName = "[No Variations]"
Add component (AddParameter): Name = "Switch Travel"; Value = "0.25mm"; VariantName = "[No Variations]"
Add component (AddParameter): Name = "Throw Configuration"; Value = "SPST"; VariantName = "[No Variations]"
Added Component: Designator=J2(Push_Boton)
Add component. Clean all parameters for all variants
Add component (AddParameter): Name = "Category"; Value = "Tactile Switches"; VariantName = "[No Variations]"
Add component (AddParameter): Name = "ComponentLink1Description"; Value = "https://industrial.panasonic.com/ac/cdn/e/control/switch/light-touch/catalog/sw_lt_eng_6s_mid.pdf?src-supplier=Digi-Key"; VariantName = "[No Variations]"
Add component (AddParameter): Name = "ComponentLink1URL"; Value = "https://industrial.panasonic.com/ac/cdn/e/control/switch/light-touch/catalog/sw_lt_eng_6s_mid.pdf?src-supplier=Digi-Key"; VariantName = "[No Variations]"
Add component (AddParameter): Name = "Illumination Type"; Value = "Non-Illuminated"; VariantName = "[No Variations]"
Add component (AddParameter): Name = "Manufacturer"; Value = "Panasonic"; VariantName = "[No Variations]"
Add component (AddParameter): Name = "Manufacturer Part Number"; Value = "EVP-BFAC1A000"; VariantName = "[No Variations]"
Add component (AddParameter): Name = "Max Operating Temperature"; Value = "85°C"; VariantName = "[No Variations]"
Add component (AddParameter): Name = "Mechanical Life"; Value = "1000000Cycles"; VariantName = "[No Variations]"
Add component (AddParameter): Name = "Min Operating Temperature"; Value = "-40°C"; VariantName = "[No Variations]"
Add component (AddParameter): Name = "Mount"; Value = "Surface Mount"; VariantName = "[No Variations]"
Add component (AddParameter): Name = "Operating Force"; Value = "200gf"; VariantName = "[No Variations]"
Add component (AddParameter): Name = "Packaging"; Value = "Tape and Reel"; VariantName = "[No Variations]"
Add component (AddParameter): Name = "Pricing 1"; Value = "1=0.3, 10=0.265, 100=0.203, 1000=0.173, 2000=0.134, 9000=0.134 (USD)"; VariantName = "[No Variations]"
Add component (AddParameter): Name = "Stock 1"; Value = "3866"; VariantName = "[No Variations]"
Add component (AddParameter): Name = "Supplier 1"; Value = "Mouser"; VariantName = "[No Variations]"
Add component (AddParameter): Name = "Supplier Part Number 1"; Value = "667-EVP-BFAC1A000"; VariantName = "[No Variations]"
Add component (AddParameter): Name = "Switch Function"; Value = "Off-Mom"; VariantName = "[No Variations]"
Add component (AddParameter): Name = "Switch Travel"; Value = "0.25mm"; VariantName = "[No Variations]"
Add component (AddParameter): Name = "Throw Configuration"; Value = "SPST"; VariantName = "[No Variations]"
Added Component: Designator=J3(Push_Boton)
Add component. Clean all parameters for all variants
Add component (AddParameter): Name = "Category"; Value = "Tactile Switches"; VariantName = "[No Variations]"
Add component (AddParameter): Name = "ComponentLink1Description"; Value = "https://industrial.panasonic.com/ac/cdn/e/control/switch/light-touch/catalog/sw_lt_eng_6s_mid.pdf?src-supplier=Digi-Key"; VariantName = "[No Variations]"
Add component (AddParameter): Name = "ComponentLink1URL"; Value = "https://industrial.panasonic.com/ac/cdn/e/control/switch/light-touch/catalog/sw_lt_eng_6s_mid.pdf?src-supplier=Digi-Key"; VariantName = "[No Variations]"
Add component (AddParameter): Name = "Illumination Type"; Value = "Non-Illuminated"; VariantName = "[No Variations]"
Add component (AddParameter): Name = "Manufacturer"; Value = "Panasonic"; VariantName = "[No Variations]"
Add component (AddParameter): Name = "Manufacturer Part Number"; Value = "EVP-BFAC1A000"; VariantName = "[No Variations]"
Add component (AddParameter): Name = "Max Operating Temperature"; Value = "85°C"; VariantName = "[No Variations]"
Add component (AddParameter): Name = "Mechanical Life"; Value = "1000000Cycles"; VariantName = "[No Variations]"
Add component (AddParameter): Name = "Min Operating Temperature"; Value = "-40°C"; VariantName = "[No Variations]"
Add component (AddParameter): Name = "Mount"; Value = "Surface Mount"; VariantName = "[No Variations]"
Add component (AddParameter): Name = "Operating Force"; Value = "200gf"; VariantName = "[No Variations]"
Add component (AddParameter): Name = "Packaging"; Value = "Tape and Reel"; VariantName = "[No Variations]"
Add component (AddParameter): Name = "Pricing 1"; Value = "1=0.3, 10=0.265, 100=0.203, 1000=0.173, 2000=0.134, 9000=0.134 (USD)"; VariantName = "[No Variations]"
Add component (AddParameter): Name = "Stock 1"; Value = "3866"; VariantName = "[No Variations]"
Add component (AddParameter): Name = "Supplier 1"; Value = "Mouser"; VariantName = "[No Variations]"
Add component (AddParameter): Name = "Supplier Part Number 1"; Value = "667-EVP-BFAC1A000"; VariantName = "[No Variations]"
Add component (AddParameter): Name = "Switch Function"; Value = "Off-Mom"; VariantName = "[No Variations]"
Add component (AddParameter): Name = "Switch Travel"; Value = "0.25mm"; VariantName = "[No Variations]"
Add component (AddParameter): Name = "Throw Configuration"; Value = "SPST"; VariantName = "[No Variations]"
Added Component: Designator=U?(QFP50P1200X1200X160-64N)
Add component. Clean all parameters for all variants
Add component (AddParameter): Name = "Case/Package"; Value = "LQFP"; VariantName = "[No Variations]"
Add component (AddParameter): Name = "Category"; Value = "ARM Microcontrollers - MCU"; VariantName = "[No Variations]"
Add component (AddParameter): Name = "Core Architecture"; Value = "ARM"; VariantName = "[No Variations]"
Add component (AddParameter): Name = "Data Bus Width"; Value = "32b"; VariantName = "[No Variations]"
Add component (AddParameter): Name = "Frequency"; Value = "84MHz"; VariantName = "[No Variations]"
Add component (AddParameter): Name = "Height"; Value = "1.45mm"; VariantName = "[No Variations]"
Add component (AddParameter): Name = "Interface"; Value = "I2C,SPI,I2S,USART,USB,IrDA,SDIO,UART,LIN"; VariantName = "[No Variations]"
Add component (AddParameter): Name = "Lead Free"; Value = "Lead Free"; VariantName = "[No Variations]"
Add component (AddParameter): Name = "Length"; Value = "10mm"; VariantName = "[No Variations]"
Add component (AddParameter): Name = "Manufacturer"; Value = "STMicroelectronics"; VariantName = "[No Variations]"
Add component (AddParameter): Name = "Manufacturer Part Number"; Value = "STM32F401RBT6"; VariantName = "[No Variations]"
Add component (AddParameter): Name = "Max Frequency"; Value = "84MHz"; VariantName = "[No Variations]"
Add component (AddParameter): Name = "Max Operating Temperature"; Value = "85°C"; VariantName = "[No Variations]"
Add component (AddParameter): Name = "Max Power Dissipation"; Value = "313mW"; VariantName = "[No Variations]"
Add component (AddParameter): Name = "Max Supply Voltage"; Value = "3.6V"; VariantName = "[No Variations]"
Add component (AddParameter): Name = "Memory Size"; Value = "128KB"; VariantName = "[No Variations]"
Add component (AddParameter): Name = "Memory Type"; Value = "FLASH"; VariantName = "[No Variations]"
Add component (AddParameter): Name = "Min Operating Temperature"; Value = "-40°C"; VariantName = "[No Variations]"
Add component (AddParameter): Name = "Min Supply Voltage"; Value = "1.8V"; VariantName = "[No Variations]"
Add component (AddParameter): Name = "Number of ADC Channels"; Value = "1"; VariantName = "[No Variations]"
Add component (AddParameter): Name = "Number of I2C Channels"; Value = "3"; VariantName = "[No Variations]"
Add component (AddParameter): Name = "Number of I/Os"; Value = "50"; VariantName = "[No Variations]"
Add component (AddParameter): Name = "Number of Pins"; Value = "64"; VariantName = "[No Variations]"
Add component (AddParameter): Name = "Number of Programmable I/O"; Value = "50"; VariantName = "[No Variations]"
Add component (AddParameter): Name = "Number of PWM Channels"; Value = "4"; VariantName = "[No Variations]"
Add component (AddParameter): Name = "Number of SPI Channels"; Value = "7"; VariantName = "[No Variations]"
Add component (AddParameter): Name = "Number of Timers/Counters"; Value = "8"; VariantName = "[No Variations]"
Add component (AddParameter): Name = "Number of USB Channels"; Value = "1"; VariantName = "[No Variations]"
Add component (AddParameter): Name = "Operating Supply Voltage"; Value = "3.3V"; VariantName = "[No Variations]"
Add component (AddParameter): Name = "Oscillator Type"; Value = "Internal"; VariantName = "[No Variations]"
Add component (AddParameter): Name = "Package Quantity"; Value = "960"; VariantName = "[No Variations]"
Add component (AddParameter): Name = "Packaging"; Value = "Tray"; VariantName = "[No Variations]"
Add component (AddParameter): Name = "Peripherals"; Value = "Brown-out Detect/Reset,POR,PWM,WDT,DMA"; VariantName = "[No Variations]"
Add component (AddParameter): Name = "Pricing 1"; Value = "1=4.58, 10=4, 50=4, 100=3.37, 250=2.9, 500=2.81, 1000=2.42, 10000=2.42 (USD)"; VariantName = "[No Variations]"
Add component (AddParameter): Name = "Radiation Hardening"; Value = "No"; VariantName = "[No Variations]"
Add component (AddParameter): Name = "RAM Size"; Value = "64KB"; VariantName = "[No Variations]"
Add component (AddParameter): Name = "REACH SVHC"; Value = "No SVHC"; VariantName = "[No Variations]"
Add component (AddParameter): Name = "Stock 1"; Value = "918"; VariantName = "[No Variations]"
Add component (AddParameter): Name = "Supplier 1"; Value = "Mouser"; VariantName = "[No Variations]"
Add component (AddParameter): Name = "Supplier Part Number 1"; Value = "511-STM32F401RBT6"; VariantName = "[No Variations]"
Add component (AddParameter): Name = "Watchdog Timer"; Value = "Yes"; VariantName = "[No Variations]"
Add component (AddParameter): Name = "Weight"; Value = "0.012088oz"; VariantName = "[No Variations]"
Add component (AddParameter): Name = "Width"; Value = "10mm"; VariantName = "[No Variations]"
Added Pin To Net: NetName=+3.3 Pin=J1-1
Added Pin To Net: NetName=+3.3 Pin=J1-1
Added Pin To Net: NetName=NetJ1_2 Pin=J1-2
Added Pin To Net: NetName=NetJ1_2 Pin=J1-2
Added Pin To Net: NetName=+3.3 Pin=J2-1
Added Pin To Net: NetName=+3.3 Pin=J2-1
Added Pin To Net: NetName=NetJ2_2 Pin=J2-2
Added Pin To Net: NetName=NetJ2_2 Pin=J2-2
Added Pin To Net: NetName=GND Pin=J3-1
Added Pin To Net: NetName=GND Pin=J3-1
Added Pin To Net: NetName=NetC35_2 Pin=J3-2
Added Pin To Net: NetName=NetC35_2 Pin=J3-2
Added Pin To Net: NetName=+3.3 Pin=U?-1
Added Pin To Net: NetName=NetJ1_2 Pin=U?-2
Added Pin To Net: NetName=NetJ2_2 Pin=U?-3
Added Pin To Net: NetName=NetC35_2 Pin=U?-7
Added Pin To Net: NetName=NetU16_21 Pin=U?-8
Added Pin To Net: NetName=NetU16_22 Pin=U?-9
Added Pin To Net: NetName=NetU16_17 Pin=U?-10
Added Pin To Net: NetName=NetU16_16 Pin=U?-11
Added Pin To Net: NetName=GND Pin=U?-12
Added Pin To Net: NetName=+3.3 Pin=U?-13
Added Pin To Net: NetName=NetM3_3 Pin=U?-14
Added Pin To Net: NetName=NetM3_4 Pin=U?-15
Added Pin To Net: NetName=NetR22_2 Pin=U?-16
Added Pin To Net: NetName=NetR23_2 Pin=U?-17
Added Pin To Net: NetName=GND Pin=U?-18
Added Pin To Net: NetName=+3.3 Pin=U?-19
Added Pin To Net: NetName=NetR7_2 Pin=U?-20
Added Pin To Net: NetName=NetR13_2 Pin=U?-21
Added Pin To Net: NetName=NetR18_2 Pin=U?-22
Added Pin To Net: NetName=NetR8_2 Pin=U?-23
Added Pin To Net: NetName=NetR14_2 Pin=U?-24
Added Pin To Net: NetName=NetR19_2 Pin=U?-25
Added Pin To Net: NetName=NetR9_2 Pin=U?-26
Added Pin To Net: NetName=NetR30_2 Pin=U?-28
Added Pin To Net: NetName=NetU16_23 Pin=U?-29
Added Pin To Net: NetName=+3.3 Pin=U?-30
Added Pin To Net: NetName=GND Pin=U?-31
Added Pin To Net: NetName=+3.3 Pin=U?-32
Added Pin To Net: NetName=NetR31_2 Pin=U?-33
Added Pin To Net: NetName=NetR34_2 Pin=U?-34
Added Pin To Net: NetName=NetR35_2 Pin=U?-35
Added Pin To Net: NetName=NetR36_2 Pin=U?-36
Added Pin To Net: NetName=NetU19_5 Pin=U?-37
Added Pin To Net: NetName=NetU19_1 Pin=U?-38
Added Pin To Net: NetName=NetM4_4 Pin=U?-41
Added Pin To Net: NetName=NetM4_3 Pin=U?-42
Added Pin To Net: NetName=NetM5_1 Pin=U?-45
Added Pin To Net: NetName=NetGRAVACAO_1 Pin=U?-46
Added Pin To Net: NetName=GND Pin=U?-47
Added Pin To Net: NetName=+3.3 Pin=U?-48
Added Pin To Net: NetName=NetGRAVACAO_2 Pin=U?-49
Added Pin To Net: NetName=NetR46_1 Pin=U?-50
Added Pin To Net: NetName=NetU18_6 Pin=U?-51
Added Pin To Net: NetName=NetU18_5 Pin=U?-52
Added Pin To Net: NetName=NetU18_2 Pin=U?-53
Added Pin To Net: NetName=NetU17_5 Pin=U?-54
Added Pin To Net: NetName=NetU17_2 Pin=U?-55
Added Pin To Net: NetName=NetU17_3 Pin=U?-56
Added Pin To Net: NetName=NetU17_4 Pin=U?-57
Added Pin To Net: NetName=NetR48_2 Pin=U?-58
Added Pin To Net: NetName=NetM5_3 Pin=U?-59
Added Pin To Net: NetName=GND Pin=U?-60
Added Pin To Net: NetName=NetU16_15 Pin=U?-61
Added Pin To Net: NetName=NetU16_23 Pin=U?-62
Added Pin To Net: NetName=GND Pin=U?-63
Added Pin To Net: NetName=+3.3 Pin=U?-64
Added Member To Class: ClassName=Micro Member=Component J1 BUTTON
Added Member To Class: ClassName=Micro Member=Component J2 BUTTON
Added Member To Class: ClassName=Micro Member=Component J3 BUTTON
Added Member To Class: ClassName=Micro Member=Component U? ARM Microcontrollers
Added Room: Name=C_M
Added Room: Name=Fonte
Added Room: Name=Gyro
Added Room: Name=Head_Sensors
Added Room: Name=Leds
Added Room: Name=Micro
Added Room: Name=Motor
Added Room: Name=Side
