Removed Pin From Net: NetName=+5 Pin=C36-2
Removed Pin From Net: NetName=+5 Pin=R7-1
Removed Pin From Net: NetName=+5 Pin=R8-1
Removed Pin From Net: NetName=+5 Pin=R9-1
Removed Pin From Net: NetName=+5 Pin=R10-1
Removed Pin From Net: NetName=+5 Pin=R25-1
Removed Pin From Net: NetName=+5 Pin=R27-1
Removed Pin From Net: NetName=+5 Pin=R32-1
Removed Pin From Net: NetName=+5 Pin=R33-1
Removed Pin From Net: NetName=+5 Pin=R34-1
Removed Pin From Net: NetName=+5 Pin=R35-1
Removed Pin From Net: NetName=+5 Pin=R36-1
Removed Pin From Net: NetName=+5 Pin=R38-1
Removed Pin From Net: NetName=+5 Pin=U21-2
Removed Pin From Net: NetName=+5 Pin=U21-2
Change Component Designator: OldDesignator=GRAVA NewDesignator=GRAVACAO1
Added Pin To Net: NetName=+5_2 Pin=C36-2
Added Pin To Net: NetName=+5_2 Pin=R7-1
Added Pin To Net: NetName=+5_2 Pin=R8-1
Added Pin To Net: NetName=+5_2 Pin=R9-1
Added Pin To Net: NetName=+5_2 Pin=R10-1
Added Pin To Net: NetName=+5_2 Pin=R25-1
Added Pin To Net: NetName=+5_2 Pin=R27-1
Added Pin To Net: NetName=+5_2 Pin=R32-1
Added Pin To Net: NetName=+5_2 Pin=R33-1
Added Pin To Net: NetName=+5_2 Pin=R34-1
Added Pin To Net: NetName=+5_2 Pin=R35-1
Added Pin To Net: NetName=+5_2 Pin=R36-1
Added Pin To Net: NetName=+5_2 Pin=R38-1
Added Pin To Net: NetName=+5_2 Pin=U21-2
Added Pin To Net: NetName=+5_2 Pin=U21-2
Added Net: Name=+5_2
Added Room: Name=C_M
Added Room: Name=Fonte
Added Room: Name=Gyro
Added Room: Name=Head_Sensors
Added Room: Name=Leds
Added Room: Name=Micro
Added Room: Name=Motor
Added Room: Name=Side
