Removed Pin From Net: NetName=NetC3_2 Pin=C3-2
Removed Pin From Net: NetName=NetC33_1 Pin=C33-1
Removed Pin From Net: NetName=+5 Pin=C33-2
Removed Pin From Net: NetName=GND Pin=D5-1
Removed Pin From Net: NetName=NetC33_1 Pin=M4-2
Removed Pin From Net: NetName=+5 Pin=R3-2
Removed Pin From Net: NetName=NetQ1_1 Pin=R16-2
Removed Pin From Net: NetName=GND Pin=R17-1
Removed Pin From Net: NetName=+3.3 Pin=U1-1
Removed Pin From Net: NetName=GND Pin=U1-2
Removed Pin From Net: NetName=+3.3 Pin=U1-3
Removed Pin From Net: NetName=NetC3_2 Pin=U1-4
Removed Pin From Net: NetName=+5 Pin=U3-4
Removed Member From Class: ClassName=Fonte Member=D5
Removed Member From Class: ClassName=Fonte Member=R3
Added Pin To Net: NetName=+5 Pin=C3-2
Added Pin To Net: NetName=+5 Pin=C33-1
Added Pin To Net: NetName=GND Pin=C33-2
Added Pin To Net: NetName=GND Pin=C34-1
Added Pin To Net: NetName=+5 Pin=M4-2
Added Pin To Net: NetName=+5 Pin=M5-2
Added Pin To Net: NetName=GND Pin=R16-1
Added Pin To Net: NetName=NetC33_1 Pin=R16-2
Added Pin To Net: NetName=NetQ1_1 Pin=R17-1
Added Pin To Net: NetName=NetC33_1 Pin=R17-2
Added Pin To Net: NetName=GND Pin=U1-1
Added Pin To Net: NetName=+3.3 Pin=U1-2
Added Pin To Net: NetName=+5 Pin=U1-3
Change Net Name : Old Net Name=NetC3_2 New Net Name=NetC5_2
Change Net Name : Old Net Name=NetC33_1 New Net Name=NetR16_2
Added Room: Name=C_M
Added Room: Name=Fonte
Added Room: Name=Gyro
Added Room: Name=Head_Sensors
Added Room: Name=Leds
Added Room: Name=Micro
Added Room: Name=Motor
Added Room: Name=Side
